<?xml version="1.0" encoding="UTF-8"?>
<testng-results ignored="0" total="1" passed="1" failed="0" skipped="0">
  <reporter-output>
  </reporter-output>
  <suite started-at="2022-01-15T12:49:01 IST" name="testcases" finished-at="2022-01-15T12:49:01 IST" duration-ms="117">
    <groups>
    </groups>
    <test started-at="2022-01-15T12:49:01 IST" name="testcases" finished-at="2022-01-15T12:49:01 IST" duration-ms="117">
      <class name="Madhu">
        <test-method is-config="true" signature="show()[pri:0, instance:Madhu@702b8b12]" started-at="2022-01-15T12:49:01 IST" name="show" finished-at="2022-01-15T12:49:01 IST" duration-ms="18" status="PASS">
          <reporter-output>
          </reporter-output>
        </test-method> <!-- show -->
        <test-method signature="disply()[pri:0, instance:Madhu@702b8b12]" started-at="2022-01-15T12:49:01 IST" name="disply" finished-at="2022-01-15T12:49:01 IST" duration-ms="11" status="PASS">
          <reporter-output>
          </reporter-output>
        </test-method> <!-- disply -->
        <test-method is-config="true" signature="show1()[pri:0, instance:Madhu@702b8b12]" started-at="2022-01-15T12:49:01 IST" name="show1" finished-at="2022-01-15T12:49:01 IST" duration-ms="1" status="PASS">
          <reporter-output>
          </reporter-output>
        </test-method> <!-- show1 -->
      </class> <!-- Madhu -->
    </test> <!-- testcases -->
  </suite> <!-- testcases -->
</testng-results>
