<?xml version="1.0" encoding="UTF-8"?>
<!-- Generated by org.testng.reporters.JUnitXMLReporter -->
<testsuite ignored="0" hostname="DESKTOP-FQDQUC5" failures="0" tests="3" name="testcases" time="0.102" errors="0" timestamp="2022-01-15T12:31:34 IST">
  <testcase classname="TestNg_Products.Products12" name="display" time="0.009"/>
  <testcase classname="TestNg_Products.Products12" name="display1" time="0.004"/>
  <testcase classname="TestNg_Products.Products12" name="display2" time="0.003"/>
</testsuite> <!-- testcases -->
