<?xml version="1.0" encoding="UTF-8"?>
<!-- Generated by org.testng.reporters.JUnitXMLReporter -->
<testsuite ignored="0" hostname="DESKTOP-FQDQUC5" failures="0" tests="3" name="Default test" time="0.077" errors="0" timestamp="2021-12-24T13:09:00 IST">
  <testcase classname="TestNg_Products.Products12" name="display" time="0.006"/>
  <testcase classname="TestNg_Products.Products12" name="display1" time="0.001"/>
  <testcase classname="TestNg_Products.Products12" name="display2" time="0.001"/>
</testsuite> <!-- Default test -->
