<?xml version="1.0" encoding="UTF-8"?>
<!-- Generated by org.testng.reporters.JUnitXMLReporter -->
<testsuite ignored="0" hostname="DESKTOP-FQDQUC5" failures="0" tests="6" name="testcases" time="0.191" errors="0" timestamp="2021-12-24T13:10:59 IST">
  <testcase classname="TestNg_Products.Products12" name="display" time="0.007"/>
  <testcase classname="TestNg_Products.Products12" name="display1" time="0.002"/>
  <testcase classname="TestNg_Products.Products12" name="display2" time="0.002"/>
  <testcase classname="TestNg_Users.Users" name="display" time="0.002"/>
  <testcase classname="TestNg_Users.Users" name="display1" time="0.003"/>
  <testcase classname="TestNg_Users.Users" name="display2" time="0.006"/>
</testsuite> <!-- testcases -->
